[2025-11-05T21:37:29.850Z] [SUCCESS] 🚀 Server запущен на http://localhost:5000
[2025-11-05T21:37:29.853Z] [INFO] Запуск Telegram бота...
[2025-11-05T21:37:29.891Z] [SUCCESS] MongoDB подключена
{
  "uri": "mongodb://localhost:27017/console-rental"
}
[2025-11-05T21:37:39.191Z] [SUCCESS] 🚀 Server запущен на http://localhost:5000
[2025-11-05T21:37:39.193Z] [INFO] Запуск Telegram бота...
[2025-11-05T21:37:39.233Z] [SUCCESS] MongoDB подключена
{
  "uri": "mongodb://localhost:27017/console-rental"
}
[2025-11-05T21:37:40.858Z] [SUCCESS] 🚀 Server запущен на http://localhost:5000
[2025-11-05T21:37:40.862Z] [INFO] Запуск Telegram бота...
[2025-11-05T21:37:40.909Z] [SUCCESS] MongoDB подключена
{
  "uri": "mongodb://localhost:27017/console-rental"
}
[2025-11-05T21:37:41.284Z] [INFO] ✓ GET / - 200 (13ms)
{
  "method": "GET",
  "path": "/",
  "query": {},
  "body": {},
  "statusCode": 200,
  "duration": "13ms"
}
[2025-11-05T21:37:41.294Z] [INFO] ✓ GET / - 200 (4ms)
{
  "method": "GET",
  "path": "/",
  "query": {},
  "body": {},
  "statusCode": 200,
  "duration": "4ms"
}
[2025-11-05T21:37:42.017Z] [SUCCESS] 🚀 Server запущен на http://localhost:5000
[2025-11-05T21:37:42.020Z] [INFO] Запуск Telegram бота...
[2025-11-05T21:37:42.078Z] [DEBUG] GET /consoles - получение всех консолей
[2025-11-05T21:37:42.089Z] [SUCCESS] MongoDB подключена
{
  "uri": "mongodb://localhost:27017/console-rental"
}
[2025-11-05T21:37:42.111Z] [SUCCESS] GET /consoles - успешно загружено
{
  "count": 1
}
[2025-11-05T21:37:42.113Z] [INFO] ✓ GET / - 200 (35ms)
{
  "method": "GET",
  "path": "/",
  "query": {},
  "body": {},
  "statusCode": 200,
  "duration": "35ms"
}
[2025-11-05T21:37:42.121Z] [DEBUG] GET /consoles - получение всех консолей
[2025-11-05T21:37:42.134Z] [SUCCESS] GET /consoles - успешно загружено
{
  "count": 1
}
[2025-11-05T21:37:42.135Z] [INFO] ✓ GET / - 200 (14ms)
{
  "method": "GET",
  "path": "/",
  "query": {},
  "body": {},
  "statusCode": 200,
  "duration": "14ms"
}
[2025-11-05T21:37:42.140Z] [INFO] ✓ GET / - 200 (69ms)
{
  "method": "GET",
  "path": "/",
  "query": {},
  "body": {},
  "statusCode": 200,
  "duration": "69ms"
}
[2025-11-05T21:37:42.149Z] [INFO] ✓ GET / - 200 (4ms)
{
  "method": "GET",
  "path": "/",
  "query": {},
  "body": {},
  "statusCode": 200,
  "duration": "4ms"
}
[2025-11-05T21:37:49.547Z] [SUCCESS] 🚀 Server запущен на http://localhost:5000
[2025-11-05T21:37:49.550Z] [INFO] Запуск Telegram бота...
[2025-11-05T21:37:49.595Z] [SUCCESS] MongoDB подключена
{
  "uri": "mongodb://localhost:27017/console-rental"
}
[2025-11-05T21:37:57.743Z] [INFO] ✓ POST / - 201 (31ms)
{
  "method": "POST",
  "path": "/",
  "query": {},
  "body": {
    "date": "2025-12-05",
    "percentage": 78,
    "description": "пролдж",
    "consoleId": "690bb585fe6b904cf3bb5c59",
    "isGlobal": false
  },
  "statusCode": 201,
  "duration": "31ms"
}
[2025-11-05T21:37:57.770Z] [INFO] ✓ GET / - 200 (21ms)
{
  "method": "GET",
  "path": "/",
  "query": {},
  "body": {},
  "statusCode": 200,
  "duration": "21ms"
}
[2025-11-05T21:37:59.549Z] [SUCCESS] 🚀 Server запущен на http://localhost:5000
[2025-11-05T21:37:59.552Z] [INFO] Запуск Telegram бота...
[2025-11-05T21:37:59.602Z] [SUCCESS] MongoDB подключена
{
  "uri": "mongodb://localhost:27017/console-rental"
}
[2025-11-05T21:38:02.066Z] [DEBUG] GET /consoles - получение всех консолей
[2025-11-05T21:38:02.080Z] [SUCCESS] GET /consoles - успешно загружено
{
  "count": 1
}
[2025-11-05T21:38:02.082Z] [INFO] ✓ GET / - 200 (16ms)
{
  "method": "GET",
  "path": "/",
  "query": {},
  "body": {},
  "statusCode": 200,
  "duration": "16ms"
}
[2025-11-05T21:38:02.094Z] [INFO] ✓ GET / - 200 (39ms)
{
  "method": "GET",
  "path": "/",
  "query": {},
  "body": {},
  "statusCode": 200,
  "duration": "39ms"
}
[2025-11-05T21:38:02.097Z] [DEBUG] GET /consoles - получение всех консолей
[2025-11-05T21:38:02.102Z] [SUCCESS] GET /consoles - успешно загружено
{
  "count": 1
}
[2025-11-05T21:38:02.104Z] [INFO] ✓ GET / - 200 (6ms)
{
  "method": "GET",
  "path": "/",
  "query": {},
  "body": {},
  "statusCode": 200,
  "duration": "6ms"
}
[2025-11-05T21:38:02.110Z] [INFO] ✓ GET / - 200 (10ms)
{
  "method": "GET",
  "path": "/",
  "query": {},
  "body": {},
  "statusCode": 200,
  "duration": "10ms"
}
[2025-11-05T21:38:06.641Z] [SUCCESS] 🚀 Server запущен на http://localhost:5000
[2025-11-05T21:38:06.644Z] [INFO] Запуск Telegram бота...
[2025-11-05T21:38:06.694Z] [SUCCESS] MongoDB подключена
{
  "uri": "mongodb://localhost:27017/console-rental"
}
[2025-11-05T21:38:19.162Z] [SUCCESS] 🚀 Server запущен на http://localhost:5000
[2025-11-05T21:38:19.164Z] [INFO] Запуск Telegram бота...
[2025-11-05T21:38:19.215Z] [SUCCESS] MongoDB подключена
{
  "uri": "mongodb://localhost:27017/console-rental"
}
[2025-11-05T21:38:29.690Z] [SUCCESS] 🚀 Server запущен на http://localhost:5000
[2025-11-05T21:38:29.692Z] [INFO] Запуск Telegram бота...
[2025-11-05T21:38:29.726Z] [SUCCESS] MongoDB подключена
{
  "uri": "mongodb://localhost:27017/console-rental"
}
[2025-11-05T21:39:21.043Z] [SUCCESS] 🚀 Server запущен на http://localhost:5000
[2025-11-05T21:39:21.046Z] [INFO] Запуск Telegram бота...
[2025-11-05T21:39:21.084Z] [SUCCESS] MongoDB подключена
{
  "uri": "mongodb://localhost:27017/console-rental"
}
[2025-11-05T21:39:28.804Z] [SUCCESS] 🚀 Server запущен на http://localhost:5000
[2025-11-05T21:39:28.806Z] [INFO] Запуск Telegram бота...
[2025-11-05T21:39:28.844Z] [SUCCESS] MongoDB подключена
{
  "uri": "mongodb://localhost:27017/console-rental"
}
[2025-11-05T21:39:34.581Z] [SUCCESS] 🚀 Server запущен на http://localhost:5000
[2025-11-05T21:39:34.584Z] [INFO] Запуск Telegram бота...
[2025-11-05T21:39:34.620Z] [SUCCESS] MongoDB подключена
{
  "uri": "mongodb://localhost:27017/console-rental"
}
[2025-11-05T21:39:45.732Z] [SUCCESS] 🚀 Server запущен на http://localhost:5000
[2025-11-05T21:39:45.735Z] [INFO] Запуск Telegram бота...
[2025-11-05T21:39:45.770Z] [SUCCESS] MongoDB подключена
{
  "uri": "mongodb://localhost:27017/console-rental"
}
[2025-11-05T21:39:53.575Z] [SUCCESS] 🚀 Server запущен на http://localhost:5000
[2025-11-05T21:39:53.579Z] [INFO] Запуск Telegram бота...
[2025-11-05T21:39:53.613Z] [SUCCESS] MongoDB подключена
{
  "uri": "mongodb://localhost:27017/console-rental"
}
[2025-11-05T21:40:00.865Z] [SUCCESS] 🚀 Server запущен на http://localhost:5000
[2025-11-05T21:40:00.868Z] [INFO] Запуск Telegram бота...
[2025-11-05T21:40:00.906Z] [SUCCESS] MongoDB подключена
{
  "uri": "mongodb://localhost:27017/console-rental"
}
[2025-11-05T21:40:09.324Z] [SUCCESS] 🚀 Server запущен на http://localhost:5000
[2025-11-05T21:40:09.327Z] [INFO] Запуск Telegram бота...
[2025-11-05T21:40:09.362Z] [SUCCESS] MongoDB подключена
{
  "uri": "mongodb://localhost:27017/console-rental"
}
[2025-11-05T21:40:14.849Z] [SUCCESS] 🚀 Server запущен на http://localhost:5000
[2025-11-05T21:40:14.852Z] [INFO] Запуск Telegram бота...
[2025-11-05T21:40:14.853Z] [SUCCESS] Telegram bot started
[2025-11-05T21:40:14.901Z] [SUCCESS] MongoDB подключена
{
  "uri": "mongodb://localhost:27017/console-rental"
}
[2025-11-05T21:40:22.066Z] [SUCCESS] 🚀 Server запущен на http://localhost:5000
[2025-11-05T21:40:22.069Z] [INFO] Запуск Telegram бота...
[2025-11-05T21:40:22.070Z] [SUCCESS] Telegram bot started
[2025-11-05T21:40:22.113Z] [SUCCESS] MongoDB подключена
{
  "uri": "mongodb://localhost:27017/console-rental"
}
[2025-11-05T21:40:27.051Z] [SUCCESS] 🚀 Server запущен на http://localhost:5000
[2025-11-05T21:40:27.054Z] [INFO] Запуск Telegram бота...
[2025-11-05T21:40:27.055Z] [SUCCESS] Telegram bot started
[2025-11-05T21:40:27.106Z] [SUCCESS] MongoDB подключена
{
  "uri": "mongodb://localhost:27017/console-rental"
}
[2025-11-05T21:40:32.408Z] [SUCCESS] 🚀 Server запущен на http://localhost:5000
[2025-11-05T21:40:32.411Z] [INFO] Запуск Telegram бота...
[2025-11-05T21:40:32.412Z] [SUCCESS] Telegram bot started
[2025-11-05T21:40:32.459Z] [SUCCESS] MongoDB подключена
{
  "uri": "mongodb://localhost:27017/console-rental"
}
[2025-11-05T21:41:08.730Z] [SUCCESS] 🚀 Server запущен на http://localhost:5000
[2025-11-05T21:41:08.732Z] [INFO] Запуск Telegram бота...
[2025-11-05T21:41:08.733Z] [SUCCESS] Telegram bot started
[2025-11-05T21:41:08.770Z] [SUCCESS] MongoDB подключена
{
  "uri": "mongodb://localhost:27017/console-rental"
}
[2025-11-05T21:41:10.562Z] [SUCCESS] 🚀 Server запущен на http://localhost:5000
[2025-11-05T21:41:10.565Z] [INFO] Запуск Telegram бота...
[2025-11-05T21:41:10.565Z] [SUCCESS] Telegram bot started
[2025-11-05T21:41:10.604Z] [SUCCESS] MongoDB подключена
{
  "uri": "mongodb://localhost:27017/console-rental"
}
[2025-11-05T21:41:15.935Z] [SUCCESS] 🚀 Server запущен на http://localhost:5000
[2025-11-05T21:41:15.938Z] [INFO] Запуск Telegram бота...
[2025-11-05T21:41:15.939Z] [SUCCESS] Telegram bot started
[2025-11-05T21:41:15.992Z] [SUCCESS] MongoDB подключена
{
  "uri": "mongodb://localhost:27017/console-rental"
}
[2025-11-05T21:41:22.099Z] [SUCCESS] 🚀 Server запущен на http://localhost:5000
[2025-11-05T21:41:22.102Z] [INFO] Запуск Telegram бота...
[2025-11-05T21:41:22.103Z] [SUCCESS] Telegram bot started
[2025-11-05T21:41:22.161Z] [SUCCESS] MongoDB подключена
{
  "uri": "mongodb://localhost:27017/console-rental"
}
[2025-11-05T21:41:26.909Z] [SUCCESS] 🚀 Server запущен на http://localhost:5000
[2025-11-05T21:41:26.912Z] [INFO] Запуск Telegram бота...
[2025-11-05T21:41:26.913Z] [SUCCESS] Telegram bot started
[2025-11-05T21:41:26.966Z] [SUCCESS] MongoDB подключена
{
  "uri": "mongodb://localhost:27017/console-rental"
}
[2025-11-05T21:41:33.431Z] [SUCCESS] 🚀 Server запущен на http://localhost:5000
[2025-11-05T21:41:33.434Z] [INFO] Запуск Telegram бота...
[2025-11-05T21:41:33.434Z] [SUCCESS] Telegram bot started
[2025-11-05T21:41:33.474Z] [SUCCESS] MongoDB подключена
{
  "uri": "mongodb://localhost:27017/console-rental"
}
[2025-11-05T21:41:38.954Z] [SUCCESS] 🚀 Server запущен на http://localhost:5000
[2025-11-05T21:41:38.957Z] [INFO] Запуск Telegram бота...
[2025-11-05T21:41:38.958Z] [SUCCESS] Telegram bot started
[2025-11-05T21:41:38.995Z] [SUCCESS] MongoDB подключена
{
  "uri": "mongodb://localhost:27017/console-rental"
}
[2025-11-05T21:41:44.148Z] [SUCCESS] 🚀 Server запущен на http://localhost:5000
[2025-11-05T21:41:44.151Z] [INFO] Запуск Telegram бота...
[2025-11-05T21:41:44.151Z] [SUCCESS] Telegram bot started
[2025-11-05T21:41:44.185Z] [SUCCESS] MongoDB подключена
{
  "uri": "mongodb://localhost:27017/console-rental"
}
[2025-11-05T21:41:52.941Z] [SUCCESS] 🚀 Server запущен на http://localhost:5000
[2025-11-05T21:41:52.943Z] [INFO] Запуск Telegram бота...
[2025-11-05T21:41:52.945Z] [SUCCESS] Telegram bot started
[2025-11-05T21:41:52.981Z] [SUCCESS] MongoDB подключена
{
  "uri": "mongodb://localhost:27017/console-rental"
}
[2025-11-05T21:41:58.236Z] [SUCCESS] 🚀 Server запущен на http://localhost:5000
[2025-11-05T21:41:58.238Z] [INFO] Запуск Telegram бота...
[2025-11-05T21:41:58.239Z] [SUCCESS] Telegram bot started
[2025-11-05T21:41:58.276Z] [SUCCESS] MongoDB подключена
{
  "uri": "mongodb://localhost:27017/console-rental"
}
[2025-11-05T21:42:03.620Z] [SUCCESS] 🚀 Server запущен на http://localhost:5000
[2025-11-05T21:42:03.623Z] [INFO] Запуск Telegram бота...
[2025-11-05T21:42:03.624Z] [SUCCESS] Telegram bot started
[2025-11-05T21:42:03.658Z] [SUCCESS] MongoDB подключена
{
  "uri": "mongodb://localhost:27017/console-rental"
}
[2025-11-05T21:42:14.717Z] [SUCCESS] 🚀 Server запущен на http://localhost:5000
[2025-11-05T21:42:14.719Z] [INFO] Запуск Telegram бота...
[2025-11-05T21:42:14.720Z] [SUCCESS] Telegram bot started
[2025-11-05T21:42:14.754Z] [SUCCESS] MongoDB подключена
{
  "uri": "mongodb://localhost:27017/console-rental"
}
[2025-11-05T21:42:20.477Z] [SUCCESS] 🚀 Server запущен на http://localhost:5000
[2025-11-05T21:42:20.479Z] [INFO] Запуск Telegram бота...
[2025-11-05T21:42:20.480Z] [SUCCESS] Telegram bot started
[2025-11-05T21:42:20.513Z] [SUCCESS] MongoDB подключена
{
  "uri": "mongodb://localhost:27017/console-rental"
}
[2025-11-05T21:42:31.155Z] [INFO] Health check запрос
[2025-11-05T21:42:31.157Z] [INFO] ✓ GET /health - 200 (2ms)
{
  "method": "GET",
  "path": "/health",
  "query": {},
  "body": {},
  "statusCode": 200,
  "duration": "2ms"
}
[2025-11-05T21:42:32.090Z] [SUCCESS] 🚀 Server запущен на http://localhost:5000
[2025-11-05T21:42:32.092Z] [INFO] Запуск Telegram бота...
[2025-11-05T21:42:32.093Z] [SUCCESS] Telegram bot started
[2025-11-05T21:42:32.126Z] [SUCCESS] MongoDB подключена
{
  "uri": "mongodb://localhost:27017/console-rental"
}
[2025-11-05T21:43:10.499Z] [DEBUG] GET /consoles - получение всех консолей
[2025-11-05T21:43:10.509Z] [DEBUG] GET /users - fetching all users
[2025-11-05T21:43:10.512Z] [DEBUG] GET /rentals - fetching all rentals
[2025-11-05T21:43:10.523Z] [SUCCESS] GET /consoles - успешно загружено
{
  "count": 1
}
[2025-11-05T21:43:10.525Z] [INFO] ✓ GET / - 200 (26ms)
{
  "method": "GET",
  "path": "/",
  "query": {},
  "body": {},
  "statusCode": 200,
  "duration": "26ms"
}
[2025-11-05T21:43:10.530Z] [SUCCESS] GET /users - all users retrieved
{
  "count": 1
}
[2025-11-05T21:43:10.532Z] [INFO] ✓ GET / - 200 (24ms)
{
  "method": "GET",
  "path": "/",
  "query": {},
  "body": {},
  "statusCode": 200,
  "duration": "24ms"
}
[2025-11-05T21:43:10.542Z] [DEBUG] GET /consoles - получение всех консолей
[2025-11-05T21:43:10.543Z] [DEBUG] GET /users - fetching all users
[2025-11-05T21:43:10.549Z] [SUCCESS] GET /rentals - all rentals retrieved
{
  "count": 1
}
[2025-11-05T21:43:10.550Z] [INFO] ✓ GET / - 200 (38ms)
{
  "method": "GET",
  "path": "/",
  "query": {},
  "body": {},
  "statusCode": 200,
  "duration": "38ms"
}
[2025-11-05T21:43:10.553Z] [SUCCESS] GET /consoles - успешно загружено
{
  "count": 1
}
[2025-11-05T21:43:10.554Z] [INFO] ✓ GET / - 200 (12ms)
{
  "method": "GET",
  "path": "/",
  "query": {},
  "body": {},
  "statusCode": 200,
  "duration": "12ms"
}
[2025-11-05T21:43:10.556Z] [SUCCESS] GET /users - all users retrieved
{
  "count": 1
}
[2025-11-05T21:43:10.557Z] [INFO] ✓ GET / - 200 (13ms)
{
  "method": "GET",
  "path": "/",
  "query": {},
  "body": {},
  "statusCode": 200,
  "duration": "13ms"
}
[2025-11-05T21:43:10.558Z] [DEBUG] GET /rentals - fetching all rentals
[2025-11-05T21:43:10.565Z] [SUCCESS] GET /rentals - all rentals retrieved
{
  "count": 1
}
[2025-11-05T21:43:10.567Z] [INFO] ✓ GET / - 200 (9ms)
{
  "method": "GET",
  "path": "/",
  "query": {},
  "body": {},
  "statusCode": 200,
  "duration": "9ms"
}
[2025-11-05T21:43:18.216Z] [DEBUG] GET /discounts - получение всех скидок
[2025-11-05T21:43:18.219Z] [DEBUG] GET /consoles - получение всех консолей
[2025-11-05T21:43:18.229Z] [SUCCESS] GET /consoles - успешно загружено
{
  "count": 1
}
[2025-11-05T21:43:18.230Z] [INFO] ✓ GET / - 200 (11ms)
{
  "method": "GET",
  "path": "/",
  "query": {},
  "body": {},
  "statusCode": 200,
  "duration": "11ms"
}
[2025-11-05T21:43:18.233Z] [SUCCESS] GET /discounts - успешно
{
  "count": 1
}
[2025-11-05T21:43:18.234Z] [INFO] ✓ GET / - 200 (18ms)
{
  "method": "GET",
  "path": "/",
  "query": {},
  "body": {},
  "statusCode": 200,
  "duration": "18ms"
}
[2025-11-05T21:43:18.236Z] [DEBUG] GET /consoles - получение всех консолей
[2025-11-05T21:43:18.238Z] [DEBUG] GET /discounts - получение всех скидок
[2025-11-05T21:43:18.243Z] [SUCCESS] GET /consoles - успешно загружено
{
  "count": 1
}
[2025-11-05T21:43:18.245Z] [INFO] ✓ GET / - 200 (9ms)
{
  "method": "GET",
  "path": "/",
  "query": {},
  "body": {},
  "statusCode": 200,
  "duration": "9ms"
}
[2025-11-05T21:43:18.250Z] [SUCCESS] GET /discounts - успешно
{
  "count": 1
}
[2025-11-05T21:43:18.252Z] [INFO] ✓ GET / - 200 (14ms)
{
  "method": "GET",
  "path": "/",
  "query": {},
  "body": {},
  "statusCode": 200,
  "duration": "14ms"
}
[2025-11-05T21:44:01.749Z] [DEBUG] GET /discounts - получение всех скидок
[2025-11-05T21:44:01.753Z] [SUCCESS] GET /discounts - успешно
{
  "count": 1
}
[2025-11-05T21:44:01.754Z] [INFO] ✓ GET / - 200 (5ms)
{
  "method": "GET",
  "path": "/",
  "query": {},
  "body": {},
  "statusCode": 200,
  "duration": "5ms"
}
[2025-11-05T21:44:11.703Z] [DEBUG] GET /discounts - получение всех скидок
[2025-11-05T21:44:11.705Z] [DEBUG] GET /consoles - получение всех консолей
[2025-11-05T21:44:11.708Z] [SUCCESS] GET /consoles - успешно загружено
{
  "count": 1
}
[2025-11-05T21:44:11.709Z] [INFO] ✓ GET / - 200 (4ms)
{
  "method": "GET",
  "path": "/",
  "query": {},
  "body": {},
  "statusCode": 200,
  "duration": "4ms"
}
[2025-11-05T21:44:11.710Z] [SUCCESS] GET /discounts - успешно
{
  "count": 1
}
[2025-11-05T21:44:11.711Z] [INFO] ✓ GET / - 200 (8ms)
{
  "method": "GET",
  "path": "/",
  "query": {},
  "body": {},
  "statusCode": 200,
  "duration": "8ms"
}
[2025-11-05T21:44:18.700Z] [DEBUG] GET /discounts - получение всех скидок
[2025-11-05T21:44:18.702Z] [DEBUG] GET /consoles - получение всех консолей
[2025-11-05T21:44:18.704Z] [SUCCESS] GET /consoles - успешно загружено
{
  "count": 1
}
[2025-11-05T21:44:18.705Z] [INFO] ✓ GET / - 200 (2ms)
{
  "method": "GET",
  "path": "/",
  "query": {},
  "body": {},
  "statusCode": 200,
  "duration": "2ms"
}
[2025-11-05T21:44:18.706Z] [SUCCESS] GET /discounts - успешно
{
  "count": 1
}
[2025-11-05T21:44:18.707Z] [INFO] ✓ GET / - 200 (7ms)
{
  "method": "GET",
  "path": "/",
  "query": {},
  "body": {},
  "statusCode": 200,
  "duration": "7ms"
}
[2025-11-05T21:44:53.694Z] [DEBUG] GET /discounts - получение всех скидок
[2025-11-05T21:44:53.696Z] [DEBUG] GET /consoles - получение всех консолей
[2025-11-05T21:44:53.699Z] [SUCCESS] GET /consoles - успешно загружено
{
  "count": 1
}
[2025-11-05T21:44:53.700Z] [INFO] ✓ GET / - 200 (4ms)
{
  "method": "GET",
  "path": "/",
  "query": {},
  "body": {},
  "statusCode": 200,
  "duration": "4ms"
}
[2025-11-05T21:44:53.701Z] [SUCCESS] GET /discounts - успешно
{
  "count": 1
}
[2025-11-05T21:44:53.702Z] [INFO] ✓ GET / - 200 (8ms)
{
  "method": "GET",
  "path": "/",
  "query": {},
  "body": {},
  "statusCode": 200,
  "duration": "8ms"
}
[2025-11-05T21:45:36.150Z] [INFO] Health check запрос
[2025-11-05T21:45:36.151Z] [INFO] ✓ GET /health - 200 (1ms)
{
  "method": "GET",
  "path": "/health",
  "query": {},
  "body": {},
  "statusCode": 200,
  "duration": "1ms"
}
[2025-11-05T21:45:52.282Z] [DEBUG] GET /consoles - получение всех консолей
[2025-11-05T21:45:52.284Z] [DEBUG] GET /users - fetching all users
[2025-11-05T21:45:52.286Z] [SUCCESS] GET /consoles - успешно загружено
{
  "count": 1
}
[2025-11-05T21:45:52.286Z] [INFO] ✓ GET / - 200 (4ms)
{
  "method": "GET",
  "path": "/",
  "query": {},
  "body": {},
  "statusCode": 200,
  "duration": "4ms"
}
[2025-11-05T21:45:52.288Z] [DEBUG] GET /rentals - fetching all rentals
[2025-11-05T21:45:52.290Z] [SUCCESS] GET /users - all users retrieved
{
  "count": 1
}
[2025-11-05T21:45:52.291Z] [INFO] ✓ GET / - 200 (7ms)
{
  "method": "GET",
  "path": "/",
  "query": {},
  "body": {},
  "statusCode": 200,
  "duration": "7ms"
}
[2025-11-05T21:45:52.292Z] [DEBUG] GET /consoles - получение всех консолей
[2025-11-05T21:45:52.295Z] [DEBUG] GET /users - fetching all users
[2025-11-05T21:45:52.297Z] [SUCCESS] GET /consoles - успешно загружено
{
  "count": 1
}
[2025-11-05T21:45:52.298Z] [INFO] ✓ GET / - 200 (6ms)
{
  "method": "GET",
  "path": "/",
  "query": {},
  "body": {},
  "statusCode": 200,
  "duration": "6ms"
}
[2025-11-05T21:45:52.301Z] [SUCCESS] GET /rentals - all rentals retrieved
{
  "count": 1
}
[2025-11-05T21:45:52.301Z] [INFO] ✓ GET / - 200 (13ms)
{
  "method": "GET",
  "path": "/",
  "query": {},
  "body": {},
  "statusCode": 200,
  "duration": "13ms"
}
[2025-11-05T21:45:52.303Z] [SUCCESS] GET /users - all users retrieved
{
  "count": 1
}
[2025-11-05T21:45:52.304Z] [INFO] ✓ GET / - 200 (9ms)
{
  "method": "GET",
  "path": "/",
  "query": {},
  "body": {},
  "statusCode": 200,
  "duration": "9ms"
}
[2025-11-05T21:45:52.306Z] [DEBUG] GET /rentals - fetching all rentals
[2025-11-05T21:45:52.310Z] [SUCCESS] GET /rentals - all rentals retrieved
{
  "count": 1
}
[2025-11-05T21:45:52.310Z] [INFO] ✓ GET / - 200 (4ms)
{
  "method": "GET",
  "path": "/",
  "query": {},
  "body": {},
  "statusCode": 200,
  "duration": "4ms"
}
[2025-11-05T21:45:54.767Z] [DEBUG] GET /discounts - получение всех скидок
[2025-11-05T21:45:54.769Z] [DEBUG] GET /consoles - получение всех консолей
[2025-11-05T21:45:54.773Z] [SUCCESS] GET /consoles - успешно загружено
{
  "count": 1
}
[2025-11-05T21:45:54.774Z] [INFO] ✓ GET / - 200 (5ms)
{
  "method": "GET",
  "path": "/",
  "query": {},
  "body": {},
  "statusCode": 200,
  "duration": "5ms"
}
[2025-11-05T21:45:54.776Z] [SUCCESS] GET /discounts - успешно
{
  "count": 1
}
[2025-11-05T21:45:54.777Z] [INFO] ✓ GET / - 200 (10ms)
{
  "method": "GET",
  "path": "/",
  "query": {},
  "body": {},
  "statusCode": 200,
  "duration": "10ms"
}
[2025-11-05T21:45:54.778Z] [DEBUG] GET /consoles - получение всех консолей
[2025-11-05T21:45:54.779Z] [DEBUG] GET /discounts - получение всех скидок
[2025-11-05T21:45:54.781Z] [SUCCESS] GET /consoles - успешно загружено
{
  "count": 1
}
[2025-11-05T21:45:54.782Z] [INFO] ✓ GET / - 200 (4ms)
{
  "method": "GET",
  "path": "/",
  "query": {},
  "body": {},
  "statusCode": 200,
  "duration": "4ms"
}
[2025-11-05T21:45:54.786Z] [SUCCESS] GET /discounts - успешно
{
  "count": 1
}
[2025-11-05T21:45:54.787Z] [INFO] ✓ GET / - 200 (8ms)
{
  "method": "GET",
  "path": "/",
  "query": {},
  "body": {},
  "statusCode": 200,
  "duration": "8ms"
}
[2025-11-05T21:46:06.194Z] [DEBUG] GET /discounts - получение всех скидок
[2025-11-05T21:46:06.197Z] [DEBUG] GET /consoles - получение всех консолей
[2025-11-05T21:46:06.201Z] [SUCCESS] GET /consoles - успешно загружено
{
  "count": 1
}
[2025-11-05T21:46:06.203Z] [INFO] ✓ GET / - 200 (6ms)
{
  "method": "GET",
  "path": "/",
  "query": {},
  "body": {},
  "statusCode": 200,
  "duration": "6ms"
}
[2025-11-05T21:46:06.205Z] [SUCCESS] GET /discounts - успешно
{
  "count": 1
}
[2025-11-05T21:46:06.206Z] [INFO] ✓ GET / - 200 (12ms)
{
  "method": "GET",
  "path": "/",
  "query": {},
  "body": {},
  "statusCode": 200,
  "duration": "12ms"
}
[2025-11-05T21:46:06.698Z] [DEBUG] GET /discounts - получение всех скидок
[2025-11-05T21:46:06.700Z] [DEBUG] GET /consoles - получение всех консолей
[2025-11-05T21:46:06.702Z] [SUCCESS] GET /consoles - успешно загружено
{
  "count": 1
}
[2025-11-05T21:46:06.703Z] [INFO] ✓ GET / - 200 (3ms)
{
  "method": "GET",
  "path": "/",
  "query": {},
  "body": {},
  "statusCode": 200,
  "duration": "3ms"
}
[2025-11-05T21:46:06.704Z] [SUCCESS] GET /discounts - успешно
{
  "count": 1
}
[2025-11-05T21:46:06.705Z] [INFO] ✓ GET / - 200 (7ms)
{
  "method": "GET",
  "path": "/",
  "query": {},
  "body": {},
  "statusCode": 200,
  "duration": "7ms"
}
[2025-11-05T21:46:10.946Z] [INFO] POST /discounts - создание новой скидки
{
  "date": "2025-11-18",
  "percentage": 10
}
[2025-11-05T21:46:11.090Z] [SUCCESS] POST /discounts - скидка создана
{
  "id": "690bc5a2bf90007f21fda770",
  "percentage": 10,
  "date": "2025-11-18"
}
[2025-11-05T21:46:11.092Z] [INFO] ✓ POST / - 201 (146ms)
{
  "method": "POST",
  "path": "/",
  "query": {},
  "body": {
    "date": "2025-11-18",
    "percentage": 10,
    "description": "';lkjnbv",
    "consoleId": "",
    "isGlobal": true
  },
  "statusCode": 201,
  "duration": "146ms"
}
[2025-11-05T21:46:11.095Z] [DEBUG] GET /discounts - получение всех скидок
[2025-11-05T21:46:11.112Z] [SUCCESS] GET /discounts - успешно
{
  "count": 2
}
[2025-11-05T21:46:11.113Z] [INFO] ✓ GET / - 200 (18ms)
{
  "method": "GET",
  "path": "/",
  "query": {},
  "body": {},
  "statusCode": 200,
  "duration": "18ms"
}
[2025-11-05T21:46:29.566Z] [DEBUG] GET /discounts - получение всех скидок
[2025-11-05T21:46:29.568Z] [DEBUG] GET /consoles - получение всех консолей
[2025-11-05T21:46:29.572Z] [SUCCESS] GET /consoles - успешно загружено
{
  "count": 1
}
[2025-11-05T21:46:29.573Z] [INFO] ✓ GET / - 200 (5ms)
{
  "method": "GET",
  "path": "/",
  "query": {},
  "body": {},
  "statusCode": 200,
  "duration": "5ms"
}
[2025-11-05T21:46:29.575Z] [SUCCESS] GET /discounts - успешно
{
  "count": 2
}
[2025-11-05T21:46:29.576Z] [INFO] ✓ GET / - 200 (10ms)
{
  "method": "GET",
  "path": "/",
  "query": {},
  "body": {},
  "statusCode": 200,
  "duration": "10ms"
}
[2025-11-05T21:46:29.698Z] [DEBUG] GET /discounts - получение всех скидок
[2025-11-05T21:46:29.700Z] [DEBUG] GET /consoles - получение всех консолей
[2025-11-05T21:46:29.703Z] [SUCCESS] GET /consoles - успешно загружено
{
  "count": 1
}
[2025-11-05T21:46:29.704Z] [INFO] ✓ GET / - 200 (4ms)
{
  "method": "GET",
  "path": "/",
  "query": {},
  "body": {},
  "statusCode": 200,
  "duration": "4ms"
}
[2025-11-05T21:46:29.705Z] [SUCCESS] GET /discounts - успешно
{
  "count": 2
}
[2025-11-05T21:46:29.706Z] [INFO] ✓ GET / - 200 (8ms)
{
  "method": "GET",
  "path": "/",
  "query": {},
  "body": {},
  "statusCode": 200,
  "duration": "8ms"
}
[2025-11-05T21:48:52.783Z] [DEBUG] GET /games - получение всех игр
[2025-11-05T21:48:52.786Z] [SUCCESS] GET /games - успешно
{
  "count": 1
}
[2025-11-05T21:48:52.787Z] [INFO] ✓ GET / - 200 (4ms)
{
  "method": "GET",
  "path": "/",
  "query": {},
  "body": {},
  "statusCode": 200,
  "duration": "4ms"
}
[2025-11-05T21:48:52.789Z] [DEBUG] GET /games - получение всех игр
[2025-11-05T21:48:52.792Z] [SUCCESS] GET /games - успешно
{
  "count": 1
}
[2025-11-05T21:48:52.793Z] [INFO] ✓ GET / - 200 (4ms)
{
  "method": "GET",
  "path": "/",
  "query": {},
  "body": {},
  "statusCode": 200,
  "duration": "4ms"
}
[2025-11-05T21:48:54.952Z] [DEBUG] GET /consoles - получение всех консолей
[2025-11-05T21:48:54.954Z] [DEBUG] GET /games - получение всех игр
[2025-11-05T21:48:54.958Z] [SUCCESS] GET /consoles - успешно загружено
{
  "count": 1
}
[2025-11-05T21:48:54.958Z] [INFO] ✓ GET / - 200 (6ms)
{
  "method": "GET",
  "path": "/",
  "query": {},
  "body": {},
  "statusCode": 200,
  "duration": "6ms"
}
[2025-11-05T21:48:54.960Z] [SUCCESS] GET /games - успешно
{
  "count": 1
}
[2025-11-05T21:48:54.961Z] [INFO] ✓ GET / - 200 (7ms)
{
  "method": "GET",
  "path": "/",
  "query": {},
  "body": {},
  "statusCode": 200,
  "duration": "7ms"
}
[2025-11-05T21:48:54.962Z] [DEBUG] GET /consoles - получение всех консолей
[2025-11-05T21:48:54.963Z] [DEBUG] GET /games - получение всех игр
[2025-11-05T21:48:54.966Z] [SUCCESS] GET /consoles - успешно загружено
{
  "count": 1
}
[2025-11-05T21:48:54.967Z] [INFO] ✓ GET / - 200 (5ms)
{
  "method": "GET",
  "path": "/",
  "query": {},
  "body": {},
  "statusCode": 200,
  "duration": "5ms"
}
[2025-11-05T21:48:54.969Z] [SUCCESS] GET /games - успешно
{
  "count": 1
}
[2025-11-05T21:48:54.969Z] [INFO] ✓ GET / - 200 (6ms)
{
  "method": "GET",
  "path": "/",
  "query": {},
  "body": {},
  "statusCode": 200,
  "duration": "6ms"
}
[2025-11-05T21:49:00.532Z] [INFO] ✓ PUT /690bb585fe6b904cf3bb5c59 - 200 (5ms)
{
  "method": "PUT",
  "path": "/690bb585fe6b904cf3bb5c59",
  "query": {},
  "body": {
    "name": "йцу",
    "model": "йцу",
    "type": "PlayStation",
    "pricePerDay": 3234,
    "description": "цйуцуйцуйцуфывфывфывфывфывфывфывфывфывфывфыыыыыыыыыыыыыыыыыыыыыы",
    "serialNumber": "234234",
    "games": [
      "690bc182927990aceae71268"
    ]
  },
  "statusCode": 200,
  "duration": "5ms"
}
[2025-11-05T21:49:00.536Z] [DEBUG] GET /consoles - получение всех консолей
[2025-11-05T21:49:00.538Z] [SUCCESS] GET /consoles - успешно загружено
{
  "count": 1
}
[2025-11-05T21:49:00.539Z] [INFO] ✓ GET / - 200 (3ms)
{
  "method": "GET",
  "path": "/",
  "query": {},
  "body": {},
  "statusCode": 200,
  "duration": "3ms"
}
[2025-11-05T21:49:04.741Z] [INFO] Telegram /start command
{
  "telegramId": "762139684",
  "username": "yuliitezary",
  "firstName": "Iulian🫥"
}
[2025-11-05T21:49:04.746Z] [DEBUG] Existing user found, showing main menu
{
  "telegramId": "762139684",
  "userId": "690bb4e0fe6b904cf3bb5c4d"
}
[2025-11-05T21:49:05.758Z] [INFO] User viewing available consoles
{
  "telegramId": "762139684"
}
[2025-11-05T21:49:05.866Z] [DEBUG] GET /consoles/available - получение доступных консолей
[2025-11-05T21:49:05.869Z] [SUCCESS] GET /consoles/available - успешно
{
  "count": 1
}
[2025-11-05T21:49:05.871Z] [INFO] ✓ GET /available - 200 (5ms)
{
  "method": "GET",
  "path": "/available",
  "query": {},
  "body": {},
  "statusCode": 200,
  "duration": "5ms"
}
[2025-11-05T21:49:05.875Z] [DEBUG] Consoles retrieved
{
  "telegramId": "762139684",
  "count": 1
}
[2025-11-05T21:49:07.601Z] [INFO] User selected console for rental
{
  "telegramId": "762139684",
  "consoleId": "690bb585fe6b904cf3bb5c59"
}
[2025-11-05T21:49:07.706Z] [INFO] ✓ GET /690bb585fe6b904cf3bb5c59 - 200 (1ms)
{
  "method": "GET",
  "path": "/690bb585fe6b904cf3bb5c59",
  "query": {},
  "body": {},
  "statusCode": 200,
  "duration": "1ms"
}
[2025-11-05T21:49:07.709Z] [DEBUG] Console details retrieved
{
  "telegramId": "762139684",
  "consoleId": "690bb585fe6b904cf3bb5c59",
  "consoleName": "йцу"
}
[2025-11-05T21:49:18.768Z] [INFO] ✓ DELETE /690bb585fe6b904cf3bb5c59 - 200 (2ms)
{
  "method": "DELETE",
  "path": "/690bb585fe6b904cf3bb5c59",
  "query": {},
  "body": {},
  "statusCode": 200,
  "duration": "2ms"
}
[2025-11-05T21:49:18.772Z] [DEBUG] GET /consoles - получение всех консолей
[2025-11-05T21:49:18.774Z] [SUCCESS] GET /consoles - успешно загружено
{
  "count": 0
}
[2025-11-05T21:49:18.775Z] [INFO] ✓ GET / - 200 (3ms)
{
  "method": "GET",
  "path": "/",
  "query": {},
  "body": {},
  "statusCode": 200,
  "duration": "3ms"
}
[2025-11-05T21:49:24.413Z] [SUCCESS] 🚀 Server запущен на http://localhost:5000
[2025-11-05T21:49:24.415Z] [INFO] Запуск Telegram бота...
[2025-11-05T21:49:24.416Z] [SUCCESS] Telegram bot started
[2025-11-05T21:49:24.451Z] [SUCCESS] MongoDB подключена
{
  "uri": "mongodb://localhost:27017/console-rental"
}
[2025-11-05T21:49:33.498Z] [SUCCESS] 🚀 Server запущен на http://localhost:5000
[2025-11-05T21:49:33.500Z] [INFO] Запуск Telegram бота...
[2025-11-05T21:49:33.501Z] [SUCCESS] Telegram bot started
[2025-11-05T21:49:33.536Z] [SUCCESS] MongoDB подключена
{
  "uri": "mongodb://localhost:27017/console-rental"
}
[2025-11-05T21:49:49.710Z] [SUCCESS] 🚀 Server запущен на http://localhost:5000
[2025-11-05T21:49:49.714Z] [INFO] Запуск Telegram бота...
[2025-11-05T21:49:49.715Z] [SUCCESS] Telegram bot started
[2025-11-05T21:49:49.750Z] [SUCCESS] MongoDB подключена
{
  "uri": "mongodb://localhost:27017/console-rental"
}
[2025-11-05T21:50:00.187Z] [SUCCESS] 🚀 Server запущен на http://localhost:5000
[2025-11-05T21:50:00.189Z] [INFO] Запуск Telegram бота...
[2025-11-05T21:50:00.190Z] [SUCCESS] Telegram bot started
[2025-11-05T21:50:00.227Z] [SUCCESS] MongoDB подключена
{
  "uri": "mongodb://localhost:27017/console-rental"
}
[2025-11-05T21:52:18.109Z] [SUCCESS] 🚀 Server запущен на http://localhost:5000
[2025-11-05T21:52:18.111Z] [INFO] Запуск Telegram бота...
[2025-11-05T21:52:18.112Z] [SUCCESS] Telegram bot started
[2025-11-05T21:52:18.149Z] [SUCCESS] MongoDB подключена
{
  "uri": "mongodb://localhost:27017/console-rental"
}
[2025-11-05T21:53:18.806Z] [SUCCESS] 🚀 Server запущен на http://localhost:5000
[2025-11-05T21:53:18.811Z] [INFO] Запуск Telegram бота...
[2025-11-05T21:53:18.812Z] [SUCCESS] Telegram bot started
[2025-11-05T21:53:18.887Z] [SUCCESS] MongoDB подключена
{
  "uri": "mongodb://localhost:27017/console-rental"
}
[2025-11-05T21:53:35.590Z] [SUCCESS] 🚀 Server запущен на http://localhost:5000
[2025-11-05T21:53:35.595Z] [INFO] Запуск Telegram бота...
[2025-11-05T21:53:35.597Z] [SUCCESS] Telegram bot started
[2025-11-05T21:53:35.686Z] [SUCCESS] MongoDB подключена
{
  "uri": "mongodb://localhost:27017/console-rental"
}
[2025-11-05T21:53:54.421Z] [SUCCESS] 🚀 Server запущен на http://localhost:5000
[2025-11-05T21:53:54.426Z] [INFO] Запуск Telegram бота...
[2025-11-05T21:53:54.428Z] [SUCCESS] Telegram bot started
[2025-11-05T21:53:54.508Z] [SUCCESS] MongoDB подключена
{
  "uri": "mongodb://localhost:27017/console-rental"
}
[2025-11-05T21:54:17.031Z] [DEBUG] GET /ratings/pending - fetching pending ratings
[2025-11-05T21:54:17.062Z] [SUCCESS] GET /ratings/pending - pending ratings retrieved
{
  "count": 0
}
[2025-11-05T21:54:17.065Z] [INFO] ✓ GET /pending - 200 (35ms)
{
  "method": "GET",
  "path": "/pending",
  "query": {},
  "body": {},
  "statusCode": 200,
  "duration": "35ms"
}
[2025-11-05T21:54:17.072Z] [DEBUG] GET /ratings/pending - fetching pending ratings
[2025-11-05T21:54:17.077Z] [SUCCESS] GET /ratings/pending - pending ratings retrieved
{
  "count": 0
}
[2025-11-05T21:54:17.079Z] [INFO] ✓ GET /pending - 200 (7ms)
{
  "method": "GET",
  "path": "/pending",
  "query": {},
  "body": {},
  "statusCode": 200,
  "duration": "7ms"
}
[2025-11-05T21:54:17.712Z] [DEBUG] GET /ratings/pending - fetching pending ratings
[2025-11-05T21:54:17.717Z] [SUCCESS] GET /ratings/pending - pending ratings retrieved
{
  "count": 0
}
[2025-11-05T21:54:17.719Z] [INFO] ✓ GET /pending - 200 (7ms)
{
  "method": "GET",
  "path": "/pending",
  "query": {},
  "body": {},
  "statusCode": 200,
  "duration": "7ms"
}
[2025-11-05T21:54:17.725Z] [DEBUG] GET /ratings/pending - fetching pending ratings
[2025-11-05T21:54:17.730Z] [SUCCESS] GET /ratings/pending - pending ratings retrieved
{
  "count": 0
}
[2025-11-05T21:54:17.732Z] [INFO] ✓ GET /pending - 200 (7ms)
{
  "method": "GET",
  "path": "/pending",
  "query": {},
  "body": {},
  "statusCode": 200,
  "duration": "7ms"
}
[2025-11-05T21:54:47.030Z] [DEBUG] GET /ratings/pending - fetching pending ratings
[2025-11-05T21:54:47.035Z] [SUCCESS] GET /ratings/pending - pending ratings retrieved
{
  "count": 0
}
[2025-11-05T21:54:47.036Z] [INFO] ✓ GET /pending - 200 (6ms)
{
  "method": "GET",
  "path": "/pending",
  "query": {},
  "body": {},
  "statusCode": 200,
  "duration": "6ms"
}
[2025-11-05T21:54:48.701Z] [DEBUG] GET /ratings/pending - fetching pending ratings
[2025-11-05T21:54:48.706Z] [SUCCESS] GET /ratings/pending - pending ratings retrieved
{
  "count": 0
}
[2025-11-05T21:54:48.708Z] [INFO] ✓ GET /pending - 200 (7ms)
{
  "method": "GET",
  "path": "/pending",
  "query": {},
  "body": {},
  "statusCode": 200,
  "duration": "7ms"
}
[2025-11-05T21:54:51.373Z] [INFO] Health check запрос
[2025-11-05T21:54:51.374Z] [INFO] ✓ GET /health - 200 (2ms)
{
  "method": "GET",
  "path": "/health",
  "query": {},
  "body": {},
  "statusCode": 200,
  "duration": "2ms"
}
[2025-11-05T21:55:05.562Z] [DEBUG] GET /ratings/pending - fetching pending ratings
[2025-11-05T21:55:05.568Z] [SUCCESS] GET /ratings/pending - pending ratings retrieved
{
  "count": 0
}
[2025-11-05T21:55:05.570Z] [INFO] ✓ GET /pending - 200 (8ms)
{
  "method": "GET",
  "path": "/pending",
  "query": {},
  "body": {},
  "statusCode": 200,
  "duration": "8ms"
}
[2025-11-05T21:55:05.574Z] [DEBUG] GET /ratings/pending - fetching pending ratings
[2025-11-05T21:55:05.581Z] [SUCCESS] GET /ratings/pending - pending ratings retrieved
{
  "count": 0
}
[2025-11-05T21:55:05.583Z] [INFO] ✓ GET /pending - 200 (9ms)
{
  "method": "GET",
  "path": "/pending",
  "query": {},
  "body": {},
  "statusCode": 200,
  "duration": "9ms"
}
[2025-11-05T21:55:06.959Z] [DEBUG] GET /ratings/pending - fetching pending ratings
[2025-11-05T21:55:06.964Z] [SUCCESS] GET /ratings/pending - pending ratings retrieved
{
  "count": 0
}
[2025-11-05T21:55:06.965Z] [INFO] ✓ GET /pending - 200 (6ms)
{
  "method": "GET",
  "path": "/pending",
  "query": {},
  "body": {},
  "statusCode": 200,
  "duration": "6ms"
}
[2025-11-05T21:55:17.031Z] [DEBUG] GET /ratings/pending - fetching pending ratings
[2025-11-05T21:55:17.036Z] [SUCCESS] GET /ratings/pending - pending ratings retrieved
{
  "count": 0
}
[2025-11-05T21:55:17.037Z] [INFO] ✓ GET /pending - 200 (6ms)
{
  "method": "GET",
  "path": "/pending",
  "query": {},
  "body": {},
  "statusCode": 200,
  "duration": "6ms"
}
[2025-11-05T21:55:18.693Z] [DEBUG] GET /ratings/pending - fetching pending ratings
[2025-11-05T21:55:18.698Z] [SUCCESS] GET /ratings/pending - pending ratings retrieved
{
  "count": 0
}
[2025-11-05T21:55:18.699Z] [INFO] ✓ GET /pending - 200 (6ms)
{
  "method": "GET",
  "path": "/pending",
  "query": {},
  "body": {},
  "statusCode": 200,
  "duration": "6ms"
}
[2025-11-05T21:55:47.034Z] [DEBUG] GET /ratings/pending - fetching pending ratings
[2025-11-05T21:55:47.038Z] [SUCCESS] GET /ratings/pending - pending ratings retrieved
{
  "count": 0
}
[2025-11-05T21:55:47.039Z] [INFO] ✓ GET /pending - 200 (5ms)
{
  "method": "GET",
  "path": "/pending",
  "query": {},
  "body": {},
  "statusCode": 200,
  "duration": "5ms"
}
[2025-11-05T21:55:48.702Z] [DEBUG] GET /ratings/pending - fetching pending ratings
[2025-11-05T21:55:48.707Z] [SUCCESS] GET /ratings/pending - pending ratings retrieved
{
  "count": 0
}
[2025-11-05T21:55:48.708Z] [INFO] ✓ GET /pending - 200 (6ms)
{
  "method": "GET",
  "path": "/pending",
  "query": {},
  "body": {},
  "statusCode": 200,
  "duration": "6ms"
}
[2025-11-05T21:56:17.037Z] [DEBUG] GET /ratings/pending - fetching pending ratings
[2025-11-05T21:56:17.042Z] [SUCCESS] GET /ratings/pending - pending ratings retrieved
{
  "count": 0
}
[2025-11-05T21:56:17.043Z] [INFO] ✓ GET /pending - 200 (6ms)
{
  "method": "GET",
  "path": "/pending",
  "query": {},
  "body": {},
  "statusCode": 200,
  "duration": "6ms"
}
[2025-11-05T21:56:18.693Z] [DEBUG] GET /ratings/pending - fetching pending ratings
[2025-11-05T21:56:18.698Z] [SUCCESS] GET /ratings/pending - pending ratings retrieved
{
  "count": 0
}
[2025-11-05T21:56:18.700Z] [INFO] ✓ GET /pending - 200 (7ms)
{
  "method": "GET",
  "path": "/pending",
  "query": {},
  "body": {},
  "statusCode": 200,
  "duration": "7ms"
}
[2025-11-05T21:56:47.041Z] [DEBUG] GET /ratings/pending - fetching pending ratings
[2025-11-05T21:56:47.045Z] [SUCCESS] GET /ratings/pending - pending ratings retrieved
{
  "count": 0
}
[2025-11-05T21:56:47.046Z] [INFO] ✓ GET /pending - 200 (5ms)
{
  "method": "GET",
  "path": "/pending",
  "query": {},
  "body": {},
  "statusCode": 200,
  "duration": "5ms"
}
[2025-11-05T21:56:48.701Z] [DEBUG] GET /ratings/pending - fetching pending ratings
[2025-11-05T21:56:48.708Z] [SUCCESS] GET /ratings/pending - pending ratings retrieved
{
  "count": 0
}
[2025-11-05T21:56:48.710Z] [INFO] ✓ GET /pending - 200 (9ms)
{
  "method": "GET",
  "path": "/pending",
  "query": {},
  "body": {},
  "statusCode": 200,
  "duration": "9ms"
}
[2025-11-05T21:57:17.041Z] [DEBUG] GET /ratings/pending - fetching pending ratings
[2025-11-05T21:57:17.045Z] [SUCCESS] GET /ratings/pending - pending ratings retrieved
{
  "count": 0
}
[2025-11-05T21:57:17.046Z] [INFO] ✓ GET /pending - 200 (6ms)
{
  "method": "GET",
  "path": "/pending",
  "query": {},
  "body": {},
  "statusCode": 200,
  "duration": "6ms"
}
[2025-11-05T21:57:34.690Z] [DEBUG] GET /ratings/pending - fetching pending ratings
[2025-11-05T21:57:34.694Z] [SUCCESS] GET /ratings/pending - pending ratings retrieved
{
  "count": 0
}
[2025-11-05T21:57:34.695Z] [INFO] ✓ GET /pending - 200 (5ms)
{
  "method": "GET",
  "path": "/pending",
  "query": {},
  "body": {},
  "statusCode": 200,
  "duration": "5ms"
}
[2025-11-05T21:57:47.031Z] [DEBUG] GET /ratings/pending - fetching pending ratings
[2025-11-05T21:57:47.035Z] [SUCCESS] GET /ratings/pending - pending ratings retrieved
{
  "count": 0
}
[2025-11-05T21:57:47.036Z] [INFO] ✓ GET /pending - 200 (5ms)
{
  "method": "GET",
  "path": "/pending",
  "query": {},
  "body": {},
  "statusCode": 200,
  "duration": "5ms"
}
[2025-11-05T21:58:17.044Z] [DEBUG] GET /ratings/pending - fetching pending ratings
[2025-11-05T21:58:17.050Z] [SUCCESS] GET /ratings/pending - pending ratings retrieved
{
  "count": 0
}
[2025-11-05T21:58:17.051Z] [INFO] ✓ GET /pending - 200 (7ms)
{
  "method": "GET",
  "path": "/pending",
  "query": {},
  "body": {},
  "statusCode": 200,
  "duration": "7ms"
}
[2025-11-05T21:58:34.693Z] [DEBUG] GET /ratings/pending - fetching pending ratings
[2025-11-05T21:58:34.698Z] [SUCCESS] GET /ratings/pending - pending ratings retrieved
{
  "count": 0
}
[2025-11-05T21:58:34.699Z] [INFO] ✓ GET /pending - 200 (6ms)
{
  "method": "GET",
  "path": "/pending",
  "query": {},
  "body": {},
  "statusCode": 200,
  "duration": "6ms"
}
[2025-11-05T21:58:47.033Z] [DEBUG] GET /ratings/pending - fetching pending ratings
[2025-11-05T21:58:47.038Z] [SUCCESS] GET /ratings/pending - pending ratings retrieved
{
  "count": 0
}
[2025-11-05T21:58:47.039Z] [INFO] ✓ GET /pending - 200 (6ms)
{
  "method": "GET",
  "path": "/pending",
  "query": {},
  "body": {},
  "statusCode": 200,
  "duration": "6ms"
}
[2025-11-05T21:59:17.036Z] [DEBUG] GET /ratings/pending - fetching pending ratings
[2025-11-05T21:59:17.038Z] [SUCCESS] GET /ratings/pending - pending ratings retrieved
{
  "count": 0
}
[2025-11-05T21:59:17.039Z] [INFO] ✓ GET /pending - 200 (3ms)
{
  "method": "GET",
  "path": "/pending",
  "query": {},
  "body": {},
  "statusCode": 200,
  "duration": "3ms"
}
[2025-11-05T21:59:34.695Z] [DEBUG] GET /ratings/pending - fetching pending ratings
[2025-11-05T21:59:34.699Z] [SUCCESS] GET /ratings/pending - pending ratings retrieved
{
  "count": 0
}
[2025-11-05T21:59:34.701Z] [INFO] ✓ GET /pending - 200 (6ms)
{
  "method": "GET",
  "path": "/pending",
  "query": {},
  "body": {},
  "statusCode": 200,
  "duration": "6ms"
}
[2025-11-05T21:59:47.029Z] [DEBUG] GET /ratings/pending - fetching pending ratings
[2025-11-05T21:59:47.033Z] [SUCCESS] GET /ratings/pending - pending ratings retrieved
{
  "count": 0
}
[2025-11-05T21:59:47.034Z] [INFO] ✓ GET /pending - 200 (5ms)
{
  "method": "GET",
  "path": "/pending",
  "query": {},
  "body": {},
  "statusCode": 200,
  "duration": "5ms"
}
[2025-11-05T22:00:17.042Z] [DEBUG] GET /ratings/pending - fetching pending ratings
[2025-11-05T22:00:17.046Z] [SUCCESS] GET /ratings/pending - pending ratings retrieved
{
  "count": 0
}
[2025-11-05T22:00:17.047Z] [INFO] ✓ GET /pending - 200 (5ms)
{
  "method": "GET",
  "path": "/pending",
  "query": {},
  "body": {},
  "statusCode": 200,
  "duration": "5ms"
}
[2025-11-05T22:00:34.703Z] [DEBUG] GET /ratings/pending - fetching pending ratings
[2025-11-05T22:00:34.707Z] [SUCCESS] GET /ratings/pending - pending ratings retrieved
{
  "count": 0
}
[2025-11-05T22:00:34.709Z] [INFO] ✓ GET /pending - 200 (6ms)
{
  "method": "GET",
  "path": "/pending",
  "query": {},
  "body": {},
  "statusCode": 200,
  "duration": "6ms"
}
[2025-11-05T22:00:47.043Z] [DEBUG] GET /ratings/pending - fetching pending ratings
[2025-11-05T22:00:47.047Z] [SUCCESS] GET /ratings/pending - pending ratings retrieved
{
  "count": 0
}
[2025-11-05T22:00:47.049Z] [INFO] ✓ GET /pending - 200 (6ms)
{
  "method": "GET",
  "path": "/pending",
  "query": {},
  "body": {},
  "statusCode": 200,
  "duration": "6ms"
}
[2025-11-05T22:01:17.044Z] [DEBUG] GET /ratings/pending - fetching pending ratings
[2025-11-05T22:01:17.050Z] [SUCCESS] GET /ratings/pending - pending ratings retrieved
{
  "count": 0
}
[2025-11-05T22:01:17.051Z] [INFO] ✓ GET /pending - 200 (7ms)
{
  "method": "GET",
  "path": "/pending",
  "query": {},
  "body": {},
  "statusCode": 200,
  "duration": "7ms"
}
[2025-11-05T22:01:34.699Z] [DEBUG] GET /ratings/pending - fetching pending ratings
[2025-11-05T22:01:34.703Z] [SUCCESS] GET /ratings/pending - pending ratings retrieved
{
  "count": 0
}
[2025-11-05T22:01:34.705Z] [INFO] ✓ GET /pending - 200 (6ms)
{
  "method": "GET",
  "path": "/pending",
  "query": {},
  "body": {},
  "statusCode": 200,
  "duration": "6ms"
}
[2025-11-05T22:01:47.029Z] [DEBUG] GET /ratings/pending - fetching pending ratings
[2025-11-05T22:01:47.033Z] [SUCCESS] GET /ratings/pending - pending ratings retrieved
{
  "count": 0
}
[2025-11-05T22:01:47.034Z] [INFO] ✓ GET /pending - 200 (5ms)
{
  "method": "GET",
  "path": "/pending",
  "query": {},
  "body": {},
  "statusCode": 200,
  "duration": "5ms"
}
[2025-11-05T22:02:17.031Z] [DEBUG] GET /ratings/pending - fetching pending ratings
[2025-11-05T22:02:17.035Z] [SUCCESS] GET /ratings/pending - pending ratings retrieved
{
  "count": 0
}
[2025-11-05T22:02:17.036Z] [INFO] ✓ GET /pending - 200 (5ms)
{
  "method": "GET",
  "path": "/pending",
  "query": {},
  "body": {},
  "statusCode": 200,
  "duration": "5ms"
}
[2025-11-05T22:02:34.702Z] [DEBUG] GET /ratings/pending - fetching pending ratings
[2025-11-05T22:02:34.706Z] [SUCCESS] GET /ratings/pending - pending ratings retrieved
{
  "count": 0
}
[2025-11-05T22:02:34.707Z] [INFO] ✓ GET /pending - 200 (5ms)
{
  "method": "GET",
  "path": "/pending",
  "query": {},
  "body": {},
  "statusCode": 200,
  "duration": "5ms"
}
[2025-11-05T22:02:47.038Z] [DEBUG] GET /ratings/pending - fetching pending ratings
[2025-11-05T22:02:47.042Z] [SUCCESS] GET /ratings/pending - pending ratings retrieved
{
  "count": 0
}
[2025-11-05T22:02:47.043Z] [INFO] ✓ GET /pending - 200 (5ms)
{
  "method": "GET",
  "path": "/pending",
  "query": {},
  "body": {},
  "statusCode": 200,
  "duration": "5ms"
}
[2025-11-05T22:03:07.587Z] [INFO] Telegram bot shutting down (SIGINT)
